# JRE version: OpenJDK Runtime Environment (11.0.8+10) (build 11.0.8+10-b944.6842174)
# Java VM: OpenJDK 64-Bit Server VM (11.0.8+10-b944.6842174, mixed mode, tiered, compressed oops, g1 gc, windows-amd64)
Heap:
 garbage-first heap   total 155648K, used 39880K [0x0000000083200000, 0x0000000100000000)
  region size 1024K, 7 young (7168K), 7 survivors (7168K)
 Metaspace       used 48719K, capacity 49222K, committed 49280K, reserved 1093632K
  class space    used 5559K, capacity 5750K, committed 5760K, reserved 1048576K
GC Heap History (11 events):
Event: 0.701 GC heap before
{Heap before GC invocations=0 (full 0):
 garbage-first heap   total 129024K, used 27648K [0x0000000083200000, 0x0000000100000000)
  region size 1024K, 24 young (24576K), 0 survivors (0K)
 Metaspace       used 12346K, capacity 12405K, committed 12544K, reserved 1060864K
  class space    used 1158K, capacity 1174K, committed 1280K, reserved 1048576K
}
Event: 0.704 GC heap after
{Heap after GC invocations=1 (full 0):
 garbage-first heap   total 129024K, used 5636K [0x0000000083200000, 0x0000000100000000)
  region size 1024K, 3 young (3072K), 3 survivors (3072K)
 Metaspace       used 12346K, capacity 12405K, committed 12544K, reserved 1060864K
  class space    used 1158K, capacity 1174K, committed 1280K, reserved 1048576K
}
Event: 1.322 GC heap before
{Heap before GC invocations=1 (full 0):
 garbage-first heap   total 129024K, used 41476K [0x0000000083200000, 0x0000000100000000)
  region size 1024K, 39 young (39936K), 3 survivors (3072K)
 Metaspace       used 21000K, capacity 21157K, committed 21248K, reserved 1069056K
  class space    used 2218K, capacity 2284K, committed 2304K, reserved 1048576K
}
Event: 1.335 GC heap after
{Heap after GC invocations=2 (full 0):
 garbage-first heap   total 129024K, used 9541K [0x0000000083200000, 0x0000000100000000)
  region size 1024K, 7 young (7168K), 7 survivors (7168K)
 Metaspace       used 21000K, capacity 21157K, committed 21248K, reserved 1069056K
  class space    used 2218K, capacity 2284K, committed 2304K, reserved 1048576K
}
Event: 2.561 GC heap before
{Heap before GC invocations=3 (full 0):
 garbage-first heap   total 129024K, used 72005K [0x0000000083200000, 0x0000000100000000)
  region size 1024K, 56 young (57344K), 7 survivors (7168K)
 Metaspace       used 30194K, capacity 30624K, committed 30976K, reserved 1077248K
  class space    used 3568K, capacity 3726K, committed 3840K, reserved 1048576K
}
Event: 2.576 GC heap after
{Heap after GC invocations=4 (full 0):
 garbage-first heap   total 129024K, used 24487K [0x0000000083200000, 0x0000000100000000)
  region size 1024K, 7 young (7168K), 7 survivors (7168K)
 Metaspace       used 30194K, capacity 30624K, committed 30976K, reserved 1077248K
  class space    used 3568K, capacity 3726K, committed 3840K, reserved 1048576K
}
Event: 3.020 GC heap before
{Heap before GC invocations=4 (full 0):
 garbage-first heap   total 129024K, used 48039K [0x0000000083200000, 0x0000000100000000)
  region size 1024K, 31 young (31744K), 7 survivors (7168K)
 Metaspace       used 35090K, capacity 35495K, committed 35584K, reserved 1081344K
  class space    used 4107K, capacity 4282K, committed 4352K, reserved 1048576K
}
Event: 3.032 GC heap after
{Heap after GC invocations=5 (full 0):
 garbage-first heap   total 129024K, used 24807K [0x0000000083200000, 0x0000000100000000)
  region size 1024K, 3 young (3072K), 3 survivors (3072K)
 Metaspace       used 35090K, capacity 35495K, committed 35584K, reserved 1081344K
  class space    used 4107K, capacity 4282K, committed 4352K, reserved 1048576K
}
Event: 4.576 GC heap before
{Heap before GC invocations=6 (full 0):
 garbage-first heap   total 129024K, used 81127K [0x0000000083200000, 0x0000000100000000)
  region size 1024K, 55 young (56320K), 3 survivors (3072K)
 Metaspace       used 44681K, capacity 45165K, committed 45440K, reserved 1089536K
  class space    used 5238K, capacity 5408K, committed 5504K, reserved 1048576K
}
Event: 4.590 GC heap after
{Heap after GC invocations=7 (full 0):
 garbage-first heap   total 129024K, used 33134K [0x0000000083200000, 0x0000000100000000)
  region size 1024K, 7 young (7168K), 7 survivors (7168K)
 Metaspace       used 44681K, capacity 45165K, committed 45440K, reserved 1089536K
  class space    used 5238K, capacity 5408K, committed 5504K, reserved 1048576K
}
Event: 5.808 GC heap before
{Heap before GC invocations=7 (full 0):
 garbage-first heap   total 129024K, used 86382K [0x0000000083200000, 0x0000000100000000)
  region size 1024K, 59 young (60416K), 7 survivors (7168K)
 Metaspace       used 48719K, capacity 49222K, committed 49280K, reserved 1093632K
  class space    used 5559K, capacity 5750K, committed 5760K, reserved 1048576K
}

